This is pdfTeX, Version 3.14159265-2.6-1.40.19 (TeX Live 2018) (preloaded format=pdflatex 2018.9.22)  23 SEP 2018 13:13
entering extended mode
 restricted \write18 enabled.
 %&-line parsing enabled.
**InformeDatos.tex
(./InformeDatos.tex
LaTeX2e <2018-04-01> patch level 2
Babel <3.18> and hyphenation patterns for 84 language(s) loaded.
(/usr/local/texlive/2018/texmf-dist/tex/latex/base/article.cls
Document Class: article 2014/09/29 v1.4h Standard LaTeX document class
(/usr/local/texlive/2018/texmf-dist/tex/latex/base/size10.clo
File: size10.clo 2014/09/29 v1.4h Standard LaTeX file (size option)
)
\c@part=\count80
\c@section=\count81
\c@subsection=\count82
\c@subsubsection=\count83
\c@paragraph=\count84
\c@subparagraph=\count85
\c@figure=\count86
\c@table=\count87
\abovecaptionskip=\skip41
\belowcaptionskip=\skip42
\bibindent=\dimen102
)
(/usr/local/texlive/2018/texmf-dist/tex/generic/babel/babel.sty
Package: babel 2018/02/14 3.18 The Babel package

(/usr/local/texlive/2018/texmf-dist/tex/generic/babel/switch.def
File: switch.def 2018/02/14 3.18 Babel switching mechanism
)
(/usr/local/texlive/2018/texmf-dist/tex/generic/babel-spanish/spanish.ldf
Language: spanish.ldf 2016/03/03 v5.0p Spanish support from the babel system

(/usr/local/texlive/2018/texmf-dist/tex/generic/babel/babel.def
File: babel.def 2018/02/14 3.18 Babel common definitions
\babel@savecnt=\count88
\U@D=\dimen103

(/usr/local/texlive/2018/texmf-dist/tex/generic/babel/txtbabel.def)
\bbl@dirlevel=\count89
)
\es@quottoks=\toks14
\es@quotdepth=\count90
Package babel Info: Making " an active character on input line 561.
Package babel Info: Making . an active character on input line 662.
Package babel Info: Making < an active character on input line 707.
Package babel Info: Making > an active character on input line 707.
Package babel Info: Making ' an active character on input line 725.
))
(/usr/local/texlive/2018/texmf-dist/tex/latex/a4wide/a4wide.sty
Package: a4wide 1994/08/30

(/usr/local/texlive/2018/texmf-dist/tex/latex/ntgclass/a4.sty
Package: a4 2004/04/15 v1.2g A4 based page layout
))
(/usr/local/texlive/2018/texmf-dist/tex/latex/oberdiek/bookmark.sty
Package: bookmark 2016/05/17 v1.26 PDF bookmarks (HO)

(/usr/local/texlive/2018/texmf-dist/tex/generic/oberdiek/pdfescape.sty
Package: pdfescape 2016/05/16 v1.14 Implements pdfTeX's escape features (HO)

(/usr/local/texlive/2018/texmf-dist/tex/generic/oberdiek/ltxcmds.sty
Package: ltxcmds 2016/05/16 v1.23 LaTeX kernel commands for general use (HO)
)
(/usr/local/texlive/2018/texmf-dist/tex/generic/oberdiek/pdftexcmds.sty
Package: pdftexcmds 2018/01/30 v0.27 Utility functions of pdfTeX for LuaTeX (HO
)

(/usr/local/texlive/2018/texmf-dist/tex/generic/oberdiek/infwarerr.sty
Package: infwarerr 2016/05/16 v1.4 Providing info/warning/error messages (HO)
)
(/usr/local/texlive/2018/texmf-dist/tex/generic/oberdiek/ifluatex.sty
Package: ifluatex 2016/05/16 v1.4 Provides the ifluatex switch (HO)
Package ifluatex Info: LuaTeX not detected.
)
(/usr/local/texlive/2018/texmf-dist/tex/generic/oberdiek/ifpdf.sty
Package: ifpdf 2017/03/15 v3.2 Provides the ifpdf switch
)
Package pdftexcmds Info: LuaTeX not detected.
Package pdftexcmds Info: \pdf@primitive is available.
Package pdftexcmds Info: \pdf@ifprimitive is available.
Package pdftexcmds Info: \pdfdraftmode found.
))
(/usr/local/texlive/2018/texmf-dist/tex/generic/ifxetex/ifxetex.sty
Package: ifxetex 2010/09/12 v0.6 Provides ifxetex conditional
)
(/usr/local/texlive/2018/texmf-dist/tex/generic/oberdiek/ifvtex.sty
Package: ifvtex 2016/05/16 v1.6 Detect VTeX and its facilities (HO)
Package ifvtex Info: VTeX not detected.
)
(/usr/local/texlive/2018/texmf-dist/tex/latex/hyperref/hyperref.sty
Package: hyperref 2018/02/06 v6.86b Hypertext links for LaTeX

(/usr/local/texlive/2018/texmf-dist/tex/generic/oberdiek/hobsub-hyperref.sty
Package: hobsub-hyperref 2016/05/16 v1.14 Bundle oberdiek, subset hyperref (HO)


(/usr/local/texlive/2018/texmf-dist/tex/generic/oberdiek/hobsub-generic.sty
Package: hobsub-generic 2016/05/16 v1.14 Bundle oberdiek, subset generic (HO)
Package: hobsub 2016/05/16 v1.14 Construct package bundles (HO)
Package hobsub Info: Skipping package `infwarerr' (already loaded).
Package hobsub Info: Skipping package `ltxcmds' (already loaded).
Package hobsub Info: Skipping package `ifluatex' (already loaded).
Package hobsub Info: Skipping package `ifvtex' (already loaded).
Package: intcalc 2016/05/16 v1.2 Expandable calculations with integers (HO)
Package hobsub Info: Skipping package `ifpdf' (already loaded).
Package: etexcmds 2016/05/16 v1.6 Avoid name clashes with e-TeX commands (HO)
Package etexcmds Info: Could not find \expanded.
(etexcmds)             That can mean that you are not using pdfTeX 1.50 or
(etexcmds)             that some package has redefined \expanded.
(etexcmds)             In the latter case, load this package earlier.
Package: kvsetkeys 2016/05/16 v1.17 Key value parser (HO)
Package: kvdefinekeys 2016/05/16 v1.4 Define keys (HO)
Package hobsub Info: Skipping package `pdftexcmds' (already loaded).
Package hobsub Info: Skipping package `pdfescape' (already loaded).
Package: bigintcalc 2016/05/16 v1.4 Expandable calculations on big integers (HO
)
Package: bitset 2016/05/16 v1.2 Handle bit-vector datatype (HO)
Package: uniquecounter 2016/05/16 v1.3 Provide unlimited unique counter (HO)
)
Package hobsub Info: Skipping package `hobsub' (already loaded).
Package: letltxmacro 2016/05/16 v1.5 Let assignment for LaTeX macros (HO)
Package: hopatch 2016/05/16 v1.3 Wrapper for package hooks (HO)
Package: xcolor-patch 2016/05/16 xcolor patch
Package: atveryend 2016/05/16 v1.9 Hooks at the very end of document (HO)
Package atveryend Info: \enddocument detected (standard20110627).
Package: atbegshi 2016/06/09 v1.18 At begin shipout hook (HO)
Package: refcount 2016/05/16 v3.5 Data extraction from label references (HO)
Package: hycolor 2016/05/16 v1.8 Color options for hyperref/bookmark (HO)
)
(/usr/local/texlive/2018/texmf-dist/tex/latex/graphics/keyval.sty
Package: keyval 2014/10/28 v1.15 key=value parser (DPC)
\KV@toks@=\toks15
)
(/usr/local/texlive/2018/texmf-dist/tex/latex/oberdiek/auxhook.sty
Package: auxhook 2016/05/16 v1.4 Hooks for auxiliary files (HO)
)
(/usr/local/texlive/2018/texmf-dist/tex/latex/oberdiek/kvoptions.sty
Package: kvoptions 2016/05/16 v3.12 Key value format for package options (HO)
)
\@linkdim=\dimen104
\Hy@linkcounter=\count91
\Hy@pagecounter=\count92

(/usr/local/texlive/2018/texmf-dist/tex/latex/hyperref/pd1enc.def
File: pd1enc.def 2018/02/06 v6.86b Hyperref: PDFDocEncoding definition (HO)
Now handling font encoding PD1 ...
... no UTF-8 mapping file for font encoding PD1
)
\Hy@SavedSpaceFactor=\count93

(/usr/local/texlive/2018/texmf-dist/tex/latex/latexconfig/hyperref.cfg
File: hyperref.cfg 2002/06/06 v1.2 hyperref configuration of TeXLive
)
Package hyperref Info: Hyper figures OFF on input line 4509.
Package hyperref Info: Link nesting OFF on input line 4514.
Package hyperref Info: Hyper index ON on input line 4517.
Package hyperref Info: Plain pages OFF on input line 4524.
Package hyperref Info: Backreferencing OFF on input line 4529.
Package hyperref Info: Implicit mode ON; LaTeX internals redefined.
Package hyperref Info: Bookmarks ON on input line 4762.
\c@Hy@tempcnt=\count94

(/usr/local/texlive/2018/texmf-dist/tex/latex/url/url.sty
\Urlmuskip=\muskip10
Package: url 2013/09/16  ver 3.4  Verb mode for urls, etc.
)
LaTeX Info: Redefining \url on input line 5115.
\XeTeXLinkMargin=\dimen105
\Fld@menulength=\count95
\Field@Width=\dimen106
\Fld@charsize=\dimen107
Package hyperref Info: Hyper figures OFF on input line 6369.
Package hyperref Info: Link nesting OFF on input line 6374.
Package hyperref Info: Hyper index ON on input line 6377.
Package hyperref Info: backreferencing OFF on input line 6384.
Package hyperref Info: Link coloring OFF on input line 6389.
Package hyperref Info: Link coloring with OCG OFF on input line 6394.
Package hyperref Info: PDF/A mode OFF on input line 6399.
LaTeX Info: Redefining \ref on input line 6439.
LaTeX Info: Redefining \pageref on input line 6443.
\Hy@abspage=\count96
\c@Item=\count97
\c@Hfootnote=\count98
)
Package hyperref Info: Driver (autodetected): hpdftex.

(/usr/local/texlive/2018/texmf-dist/tex/latex/hyperref/hpdftex.def
File: hpdftex.def 2018/02/06 v6.86b Hyperref driver for pdfTeX
\Fld@listcount=\count99
\c@bookmark@seq@number=\count100

(/usr/local/texlive/2018/texmf-dist/tex/latex/oberdiek/rerunfilecheck.sty
Package: rerunfilecheck 2016/05/16 v1.8 Rerun checks for auxiliary files (HO)
Package uniquecounter Info: New unique counter `rerunfilecheck' on input line 2
82.
)
\Hy@SectionHShift=\skip43
)
(/usr/local/texlive/2018/texmf-dist/tex/latex/oberdiek/bkm-pdftex.def
File: bkm-pdftex.def 2016/05/17 v1.26 bookmark driver for pdfTeX (HO)
\BKM@id=\count101
))
(/usr/local/texlive/2018/texmf-dist/tex/latex/fancyhdr/fancyhdr.sty
Package: fancyhdr 2017/06/30 v3.9a Extensive control of page headers and footer
s
\f@nch@headwidth=\skip44
\f@nch@O@elh=\skip45
\f@nch@O@erh=\skip46
\f@nch@O@olh=\skip47
\f@nch@O@orh=\skip48
\f@nch@O@elf=\skip49
\f@nch@O@erf=\skip50
\f@nch@O@olf=\skip51
\f@nch@O@orf=\skip52
)
(/usr/local/texlive/2018/texmf-dist/tex/latex/graphics/graphicx.sty
Package: graphicx 2017/06/01 v1.1a Enhanced LaTeX Graphics (DPC,SPQR)

(/usr/local/texlive/2018/texmf-dist/tex/latex/graphics/graphics.sty
Package: graphics 2017/06/25 v1.2c Standard LaTeX Graphics (DPC,SPQR)

(/usr/local/texlive/2018/texmf-dist/tex/latex/graphics/trig.sty
Package: trig 2016/01/03 v1.10 sin cos tan (DPC)
)
(/usr/local/texlive/2018/texmf-dist/tex/latex/graphics-cfg/graphics.cfg
File: graphics.cfg 2016/06/04 v1.11 sample graphics configuration
)
Package graphics Info: Driver file: pdftex.def on input line 99.

(/usr/local/texlive/2018/texmf-dist/tex/latex/graphics-def/pdftex.def
File: pdftex.def 2018/01/08 v1.0l Graphics/color driver for pdftex
))
\Gin@req@height=\dimen108
\Gin@req@width=\dimen109
)
(./InformeDatos.aux
LaTeX Info: Redefining \. on input line 25.
LaTeX Info: Redefining \% on input line 25.
)
\openout1 = `InformeDatos.aux'.

LaTeX Font Info:    Checking defaults for OML/cmm/m/it on input line 23.
LaTeX Font Info:    ... okay on input line 23.
LaTeX Font Info:    Checking defaults for T1/cmr/m/n on input line 23.
LaTeX Font Info:    ... okay on input line 23.
LaTeX Font Info:    Checking defaults for OT1/cmr/m/n on input line 23.
LaTeX Font Info:    ... okay on input line 23.
LaTeX Font Info:    Checking defaults for OMS/cmsy/m/n on input line 23.
LaTeX Font Info:    ... okay on input line 23.
LaTeX Font Info:    Checking defaults for OMX/cmex/m/n on input line 23.
LaTeX Font Info:    ... okay on input line 23.
LaTeX Font Info:    Checking defaults for U/cmr/m/n on input line 23.
LaTeX Font Info:    ... okay on input line 23.
LaTeX Font Info:    Checking defaults for PD1/pdf/m/n on input line 23.
LaTeX Font Info:    ... okay on input line 23.
LaTeX Info: Redefining \. on input line 23.
LaTeX Info: Redefining \% on input line 23.
\AtBeginShipoutBox=\box26
Package hyperref Info: Link coloring OFF on input line 23.

(/usr/local/texlive/2018/texmf-dist/tex/latex/hyperref/nameref.sty
Package: nameref 2016/05/21 v2.44 Cross-referencing by name of section

(/usr/local/texlive/2018/texmf-dist/tex/generic/oberdiek/gettitlestring.sty
Package: gettitlestring 2016/05/16 v1.5 Cleanup title references (HO)
)
\c@section@level=\count102
)
LaTeX Info: Redefining \ref on input line 23.
LaTeX Info: Redefining \pageref on input line 23.
LaTeX Info: Redefining \nameref on input line 23.

(/usr/local/texlive/2018/texmf-dist/tex/context/base/mkii/supp-pdf.mkii
[Loading MPS to PDF converter (version 2006.09.02).]
\scratchcounter=\count103
\scratchdimen=\dimen110
\scratchbox=\box27
\nofMPsegments=\count104
\nofMParguments=\count105
\everyMPshowfont=\toks16
\MPscratchCnt=\count106
\MPscratchDim=\dimen111
\MPnumerator=\count107
\makeMPintoPDFobject=\count108
\everyMPtoPDFconversion=\toks17
) (/usr/local/texlive/2018/texmf-dist/tex/latex/oberdiek/epstopdf-base.sty
Package: epstopdf-base 2016/05/15 v2.6 Base part for package epstopdf

(/usr/local/texlive/2018/texmf-dist/tex/latex/oberdiek/grfext.sty
Package: grfext 2016/05/16 v1.2 Manage graphics extensions (HO)
)
Package epstopdf-base Info: Redefining graphics rule for `.eps' on input line 4
38.
Package grfext Info: Graphics extension search list:
(grfext)             [.pdf,.png,.jpg,.mps,.jpeg,.jbig2,.jb2,.PDF,.PNG,.JPG,.JPE
G,.JBIG2,.JB2,.eps]
(grfext)             \AppendGraphicsExtensions on input line 456.

(/usr/local/texlive/2018/texmf-dist/tex/latex/latexconfig/epstopdf-sys.cfg
File: epstopdf-sys.cfg 2010/07/13 v1.3 Configuration of (r)epstopdf for TeX Liv
e
))
<logofiuba.jpg, id=4, 387.00584pt x 129.3633pt>
File: logofiuba.jpg Graphic file (type jpg)
<use logofiuba.jpg>
Package pdftex.def Info: logofiuba.jpg  used on input line 26.
(pdftex.def)             Requested size: 170.71652pt x 57.0641pt.
LaTeX Font Info:    External font `cmex10' loaded for size
(Font)              <24.88> on input line 31.
LaTeX Font Info:    External font `cmex10' loaded for size
(Font)              <20.74> on input line 31.
LaTeX Font Info:    External font `cmex10' loaded for size
(Font)              <17.28> on input line 31.
LaTeX Font Info:    External font `cmex10' loaded for size
(Font)              <7> on input line 38.
LaTeX Font Info:    External font `cmex10' loaded for size
(Font)              <5> on input line 38.
Package babel Info: Redefining spanish shorthand <<
(babel)             in language append on input line 59.
Package babel Info: Redefining spanish shorthand >>
(babel)             in language append on input line 59.
Package babel Info: Redefining spanish shorthand "=
(babel)             in language append on input line 59.
Package babel Info: Redefining spanish shorthand "~
(babel)             in language append on input line 59.
Package babel Info: Redefining spanish shorthand "!
(babel)             in language append on input line 59.
Package babel Info: Redefining spanish shorthand "?
(babel)             in language append on input line 59.
Package babel Info: Redefining spanish shorthand <<
(babel)             in language append on input line 59.
Package babel Info: Redefining spanish shorthand >>
(babel)             in language append on input line 59.
Package babel Info: Redefining spanish shorthand "=
(babel)             in language append on input line 59.
Package babel Info: Redefining spanish shorthand "~
(babel)             in language append on input line 59.
Package babel Info: Redefining spanish shorthand "!
(babel)             in language append on input line 59.
Package babel Info: Redefining spanish shorthand "?
(babel)             in language append on input line 59.

[1

{/usr/local/texlive/2018/texmf-var/fonts/map/pdftex/updmap/pdftex.map} <./logof
iuba.jpg>] (./InformeDatos.toc
LaTeX Info: Redefining \. on input line 1.
LaTeX Info: Redefining \% on input line 1.
)
\tf@toc=\write3
\openout3 = `InformeDatos.toc'.

Package babel Info: Redefining spanish shorthand <<
(babel)             in language append on input line 62.
Package babel Info: Redefining spanish shorthand >>
(babel)             in language append on input line 62.
Package babel Info: Redefining spanish shorthand "=
(babel)             in language append on input line 62.
Package babel Info: Redefining spanish shorthand "~
(babel)             in language append on input line 62.
Package babel Info: Redefining spanish shorthand "!
(babel)             in language append on input line 62.
Package babel Info: Redefining spanish shorthand "?
(babel)             in language append on input line 62.
Package babel Info: Redefining spanish shorthand <<
(babel)             in language append on input line 62.
Package babel Info: Redefining spanish shorthand >>
(babel)             in language append on input line 62.
Package babel Info: Redefining spanish shorthand "=
(babel)             in language append on input line 62.
Package babel Info: Redefining spanish shorthand "~
(babel)             in language append on input line 62.
Package babel Info: Redefining spanish shorthand "!
(babel)             in language append on input line 62.
Package babel Info: Redefining spanish shorthand "?
(babel)             in language append on input line 62.
pdfTeX warning (ext4): destination with the same identifier (name{page.1}) has 
been already used, duplicate ignored
<to be read again> 
                   \relax 
l.62 	\newpage
               [1]
Package babel Info: Redefining spanish shorthand <<
(babel)             in language append on input line 64.
Package babel Info: Redefining spanish shorthand >>
(babel)             in language append on input line 64.
Package babel Info: Redefining spanish shorthand "=
(babel)             in language append on input line 64.
Package babel Info: Redefining spanish shorthand "~
(babel)             in language append on input line 64.
Package babel Info: Redefining spanish shorthand "!
(babel)             in language append on input line 64.
Package babel Info: Redefining spanish shorthand "?
(babel)             in language append on input line 64.
Package babel Info: Redefining spanish shorthand <<
(babel)             in language append on input line 71.
Package babel Info: Redefining spanish shorthand >>
(babel)             in language append on input line 71.
Package babel Info: Redefining spanish shorthand "=
(babel)             in language append on input line 71.
Package babel Info: Redefining spanish shorthand "~
(babel)             in language append on input line 71.
Package babel Info: Redefining spanish shorthand "!
(babel)             in language append on input line 71.
Package babel Info: Redefining spanish shorthand "?
(babel)             in language append on input line 71.
Package babel Info: Redefining spanish shorthand <<
(babel)             in language append on input line 73.
Package babel Info: Redefining spanish shorthand >>
(babel)             in language append on input line 73.
Package babel Info: Redefining spanish shorthand "=
(babel)             in language append on input line 73.
Package babel Info: Redefining spanish shorthand "~
(babel)             in language append on input line 73.
Package babel Info: Redefining spanish shorthand "!
(babel)             in language append on input line 73.
Package babel Info: Redefining spanish shorthand "?
(babel)             in language append on input line 73.
Package babel Info: Redefining spanish shorthand <<
(babel)             in language append on input line 88.
Package babel Info: Redefining spanish shorthand >>
(babel)             in language append on input line 88.
Package babel Info: Redefining spanish shorthand "=
(babel)             in language append on input line 88.
Package babel Info: Redefining spanish shorthand "~
(babel)             in language append on input line 88.
Package babel Info: Redefining spanish shorthand "!
(babel)             in language append on input line 88.
Package babel Info: Redefining spanish shorthand "?
(babel)             in language append on input line 88.
Package babel Info: Redefining spanish shorthand <<
(babel)             in language append on input line 88.
Package babel Info: Redefining spanish shorthand >>
(babel)             in language append on input line 88.
Package babel Info: Redefining spanish shorthand "=
(babel)             in language append on input line 88.
Package babel Info: Redefining spanish shorthand "~
(babel)             in language append on input line 88.
Package babel Info: Redefining spanish shorthand "!
(babel)             in language append on input line 88.
Package babel Info: Redefining spanish shorthand "?
(babel)             in language append on input line 88.
 [2]
<ocurrencia_eventos.jpg, id=36, 593.21625pt x 326.21875pt>
File: ocurrencia_eventos.jpg Graphic file (type jpg)
<use ocurrencia_eventos.jpg>
Package pdftex.def Info: ocurrencia_eventos.jpg  used on input line 93.
(pdftex.def)             Requested size: 284.52756pt x 156.46872pt.
<cantidadDeEventosPorHoraDelDia.jpg, id=38, 919.435pt x 638.385pt>
File: cantidadDeEventosPorHoraDelDia.jpg Graphic file (type jpg)
<use cantidadDeEventosPorHoraDelDia.jpg>
Package pdftex.def Info: cantidadDeEventosPorHoraDelDia.jpg  used on input line
 116.
(pdftex.def)             Requested size: 284.52756pt x 197.55637pt.
Package babel Info: Redefining spanish shorthand <<
(babel)             in language append on input line 117.
Package babel Info: Redefining spanish shorthand >>
(babel)             in language append on input line 117.
Package babel Info: Redefining spanish shorthand "=
(babel)             in language append on input line 117.
Package babel Info: Redefining spanish shorthand "~
(babel)             in language append on input line 117.
Package babel Info: Redefining spanish shorthand "!
(babel)             in language append on input line 117.
Package babel Info: Redefining spanish shorthand "?
(babel)             in language append on input line 117.
Package babel Info: Redefining spanish shorthand <<
(babel)             in language append on input line 117.
Package babel Info: Redefining spanish shorthand >>
(babel)             in language append on input line 117.
Package babel Info: Redefining spanish shorthand "=
(babel)             in language append on input line 117.
Package babel Info: Redefining spanish shorthand "~
(babel)             in language append on input line 117.
Package babel Info: Redefining spanish shorthand "!
(babel)             in language append on input line 117.
Package babel Info: Redefining spanish shorthand "?
(babel)             in language append on input line 117.
 [3 <./ocurrencia_eventos.jpg>]
Underfull \hbox (badness 10000) in paragraph at lines 119--120

 []

Package babel Info: Redefining spanish shorthand <<
(babel)             in language append on input line 124.
Package babel Info: Redefining spanish shorthand >>
(babel)             in language append on input line 124.
Package babel Info: Redefining spanish shorthand "=
(babel)             in language append on input line 124.
Package babel Info: Redefining spanish shorthand "~
(babel)             in language append on input line 124.
Package babel Info: Redefining spanish shorthand "!
(babel)             in language append on input line 124.
Package babel Info: Redefining spanish shorthand "?
(babel)             in language append on input line 124.
<15celularesMasVisitados.jpg, id=44, 874.26625pt x 529.98pt>
File: 15celularesMasVisitados.jpg Graphic file (type jpg)
<use 15celularesMasVisitados.jpg>
Package pdftex.def Info: 15celularesMasVisitados.jpg  used on input line 127.
(pdftex.def)             Requested size: 284.52756pt x 172.47597pt.
Package babel Info: Redefining spanish shorthand <<
(babel)             in language append on input line 142.
Package babel Info: Redefining spanish shorthand >>
(babel)             in language append on input line 142.
Package babel Info: Redefining spanish shorthand "=
(babel)             in language append on input line 142.
Package babel Info: Redefining spanish shorthand "~
(babel)             in language append on input line 142.
Package babel Info: Redefining spanish shorthand "!
(babel)             in language append on input line 142.
Package babel Info: Redefining spanish shorthand "?
(babel)             in language append on input line 142.
Package babel Info: Redefining spanish shorthand <<
(babel)             in language append on input line 142.
Package babel Info: Redefining spanish shorthand >>
(babel)             in language append on input line 142.
Package babel Info: Redefining spanish shorthand "=
(babel)             in language append on input line 142.
Package babel Info: Redefining spanish shorthand "~
(babel)             in language append on input line 142.
Package babel Info: Redefining spanish shorthand "!
(babel)             in language append on input line 142.
Package babel Info: Redefining spanish shorthand "?
(babel)             in language append on input line 142.
[4 <./cantidadDeEventosPorHoraDelDia.jpg> <./15celularesMasVisitados.jpg>]
<VisitasAProductosSegunDiaAnio.jpg, id=51, 655.44875pt x 323.2075pt>
File: VisitasAProductosSegunDiaAnio.jpg Graphic file (type jpg)
<use VisitasAProductosSegunDiaAnio.jpg>
Package pdftex.def Info: VisitasAProductosSegunDiaAnio.jpg  used on input line 
155.
(pdftex.def)             Requested size: 284.52756pt x 140.30315pt.
<visitasSegunmesDiaMes.jpg, id=52, 572.1375pt x 336.25626pt>
File: visitasSegunmesDiaMes.jpg Graphic file (type jpg)
<use visitasSegunmesDiaMes.jpg>
Package pdftex.def Info: visitasSegunmesDiaMes.jpg  used on input line 160.
(pdftex.def)             Requested size: 284.52756pt x 167.22469pt.
<visitasSegunmesDiaSemana.jpg, id=53, 572.1375pt x 336.25626pt>
File: visitasSegunmesDiaSemana.jpg Graphic file (type jpg)
<use visitasSegunmesDiaSemana.jpg>
Package pdftex.def Info: visitasSegunmesDiaSemana.jpg  used on input line 165.
(pdftex.def)             Requested size: 284.52756pt x 167.22469pt.
Package babel Info: Redefining spanish shorthand <<
(babel)             in language append on input line 166.
Package babel Info: Redefining spanish shorthand >>
(babel)             in language append on input line 166.
Package babel Info: Redefining spanish shorthand "=
(babel)             in language append on input line 166.
Package babel Info: Redefining spanish shorthand "~
(babel)             in language append on input line 166.
Package babel Info: Redefining spanish shorthand "!
(babel)             in language append on input line 166.
Package babel Info: Redefining spanish shorthand "?
(babel)             in language append on input line 166.
Package babel Info: Redefining spanish shorthand <<
(babel)             in language append on input line 166.
Package babel Info: Redefining spanish shorthand >>
(babel)             in language append on input line 166.
Package babel Info: Redefining spanish shorthand "=
(babel)             in language append on input line 166.
Package babel Info: Redefining spanish shorthand "~
(babel)             in language append on input line 166.
Package babel Info: Redefining spanish shorthand "!
(babel)             in language append on input line 166.
Package babel Info: Redefining spanish shorthand "?
(babel)             in language append on input line 166.

[5 <./VisitasAProductosSegunDiaAnio.jpg> <./visitasSegunmesDiaMes.jpg>]
<cincoModMasVisitadosColor.jpg, id=60, 519.9425pt x 269.005pt>
File: cincoModMasVisitadosColor.jpg Graphic file (type jpg)
<use cincoModMasVisitadosColor.jpg>
Package pdftex.def Info: cincoModMasVisitadosColor.jpg  used on input line 174.

(pdftex.def)             Requested size: 284.52756pt x 147.20615pt.
<cincoModMasVisitadosAlmacenamiento.jpg, id=61, 495.8525pt x 255.95625pt>
File: cincoModMasVisitadosAlmacenamiento.jpg Graphic file (type jpg)
<use cincoModMasVisitadosAlmacenamiento.jpg>
Package pdftex.def Info: cincoModMasVisitadosAlmacenamiento.jpg  used on input 
line 179.
(pdftex.def)             Requested size: 284.52756pt x 146.87296pt.
Package babel Info: Redefining spanish shorthand <<
(babel)             in language append on input line 183.
Package babel Info: Redefining spanish shorthand >>
(babel)             in language append on input line 183.
Package babel Info: Redefining spanish shorthand "=
(babel)             in language append on input line 183.
Package babel Info: Redefining spanish shorthand "~
(babel)             in language append on input line 183.
Package babel Info: Redefining spanish shorthand "!
(babel)             in language append on input line 183.
Package babel Info: Redefining spanish shorthand "?
(babel)             in language append on input line 183.
Package babel Info: Redefining spanish shorthand <<
(babel)             in language append on input line 185.
Package babel Info: Redefining spanish shorthand >>
(babel)             in language append on input line 185.
Package babel Info: Redefining spanish shorthand "=
(babel)             in language append on input line 185.
Package babel Info: Redefining spanish shorthand "~
(babel)             in language append on input line 185.
Package babel Info: Redefining spanish shorthand "!
(babel)             in language append on input line 185.
Package babel Info: Redefining spanish shorthand "?
(babel)             in language append on input line 185.
Package babel Info: Redefining spanish shorthand <<
(babel)             in language append on input line 185.
Package babel Info: Redefining spanish shorthand >>
(babel)             in language append on input line 185.
Package babel Info: Redefining spanish shorthand "=
(babel)             in language append on input line 185.
Package babel Info: Redefining spanish shorthand "~
(babel)             in language append on input line 185.
Package babel Info: Redefining spanish shorthand "!
(babel)             in language append on input line 185.
Package babel Info: Redefining spanish shorthand "?
(babel)             in language append on input line 185.

[6 <./visitasSegunmesDiaSemana.jpg> <./cincoModMasVisitadosColor.jpg> <./cincoM
odMasVisitadosAlmacenamiento.jpg>]
<10campaniasmasPopulares.jpg, id=70, 562.1pt x 324.21124pt>
File: 10campaniasmasPopulares.jpg Graphic file (type jpg)
<use 10campaniasmasPopulares.jpg>
Package pdftex.def Info: 10campaniasmasPopulares.jpg  used on input line 186.
(pdftex.def)             Requested size: 284.52756pt x 164.10878pt.
<top5campaniasPublicitariasMasImportantesSegunMes.jpg, id=71, 534.99875pt x 328
.22626pt>
File: top5campaniasPublicitariasMasImportantesSegunMes.jpg Graphic file (type j
pg)
<use top5campaniasPublicitariasMasImportantesSegunMes.jpg>
Package pdftex.def Info: top5campaniasPublicitariasMasImportantesSegunMes.jpg  
used on input line 191.
(pdftex.def)             Requested size: 284.52756pt x 174.5651pt.
<cantidadDeClicksSegunDiaDelAnio.jpg, id=72, 604.2575pt x 277.035pt>
File: cantidadDeClicksSegunDiaDelAnio.jpg Graphic file (type jpg)
<use cantidadDeClicksSegunDiaDelAnio.jpg>
Package pdftex.def Info: cantidadDeClicksSegunDiaDelAnio.jpg  used on input lin
e 197.
(pdftex.def)             Requested size: 284.52756pt x 130.4474pt.
Package atveryend Info: Empty hook `BeforeClearDocument' on input line 204.
Package babel Info: Redefining spanish shorthand <<
(babel)             in language append on input line 204.
Package babel Info: Redefining spanish shorthand >>
(babel)             in language append on input line 204.
Package babel Info: Redefining spanish shorthand "=
(babel)             in language append on input line 204.
Package babel Info: Redefining spanish shorthand "~
(babel)             in language append on input line 204.
Package babel Info: Redefining spanish shorthand "!
(babel)             in language append on input line 204.
Package babel Info: Redefining spanish shorthand "?
(babel)             in language append on input line 204.
Package babel Info: Redefining spanish shorthand <<
(babel)             in language append on input line 204.
Package babel Info: Redefining spanish shorthand >>
(babel)             in language append on input line 204.
Package babel Info: Redefining spanish shorthand "=
(babel)             in language append on input line 204.
Package babel Info: Redefining spanish shorthand "~
(babel)             in language append on input line 204.
Package babel Info: Redefining spanish shorthand "!
(babel)             in language append on input line 204.
Package babel Info: Redefining spanish shorthand "?
(babel)             in language append on input line 204.
 [7 <./10campaniasmasPopulares.jpg> <./top5campaniasPublicitariasMasImportantes
SegunMes.jpg> <./cantidadDeClicksSegunDiaDelAnio.jpg>]
Package atveryend Info: Empty hook `AfterLastShipout' on input line 204.
 (./InformeDatos.aux
LaTeX Info: Redefining \. on input line 25.
LaTeX Info: Redefining \% on input line 25.
)
Package atveryend Info: Executing hook `AtVeryEndDocument' on input line 204.
Package atveryend Info: Empty hook `AtEndAfterFileList' on input line 204.
Package atveryend Info: Empty hook `AtVeryVeryEnd' on input line 204.
 ) 
Here is how much of TeX's memory you used:
 6398 strings out of 492649
 95795 string characters out of 6129622
 190632 words of memory out of 5000000
 10196 multiletter control sequences out of 15000+600000
 9170 words of font info for 32 fonts, out of 8000000 for 9000
 1141 hyphenation exceptions out of 8191
 34i,12n,43p,371b,416s stack positions out of 5000i,500n,10000p,200000b,80000s
</usr/local/texlive/2018/texmf-dist/fonts/type1/public/amsfonts/cm/cmbx10.pfb
></usr/local/texlive/2018/texmf-dist/fonts/type1/public/amsfonts/cm/cmbx12.pfb>
</usr/local/texlive/2018/texmf-dist/fonts/type1/public/amsfonts/cm/cmbx7.pfb></
usr/local/texlive/2018/texmf-dist/fonts/type1/public/amsfonts/cm/cmr10.pfb></us
r/local/texlive/2018/texmf-dist/fonts/type1/public/amsfonts/cm/cmr12.pfb></usr/
local/texlive/2018/texmf-dist/fonts/type1/public/amsfonts/cm/cmr17.pfb></usr/lo
cal/texlive/2018/texmf-dist/fonts/type1/public/amsfonts/cm/cmr7.pfb></usr/local
/texlive/2018/texmf-dist/fonts/type1/public/amsfonts/cm/cmti10.pfb>
Output written on InformeDatos.pdf (8 pages, 1610404 bytes).
PDF statistics:
 128 PDF objects out of 1000 (max. 8388607)
 86 compressed objects within 1 object stream
 14 named destinations out of 1000 (max. 500000)
 101 words of extra memory for PDF output out of 10000 (max. 10000000)

